<?xml version="1.0" encoding="UTF-8"?>
<testng-results skipped="0" failed="0" total="1" passed="1">
  <reporter-output>
  </reporter-output>
  <suite name="Default suite" duration-ms="93479" started-at="2017-09-16T17:56:17Z" finished-at="2017-09-16T17:57:51Z">
    <groups>
    </groups>
    <test name="Default test" duration-ms="93479" started-at="2017-09-16T17:56:17Z" finished-at="2017-09-16T17:57:51Z">
      <class name="eCommerce.amazonTest">
        <test-method status="PASS" signature="basePageNavigation(java.lang.String, java.lang.String)[pri:0, instance:eCommerce.amazonTest@5e5792a0]" name="basePageNavigation" duration-ms="93302" started-at="2017-09-16T23:26:18Z" data-provider="getDataSign" finished-at="2017-09-16T23:27:51Z">
          <params>
            <param index="0">
              <value>
                <![CDATA[appumuv@gmail.com]]>
              </value>
            </param>
            <param index="1">
              <value>
                <![CDATA[Anushka19915]]>
              </value>
            </param>
          </params>
          <reporter-output>
          </reporter-output>
        </test-method> <!-- basePageNavigation -->
      </class> <!-- eCommerce.amazonTest -->
    </test> <!-- Default test -->
  </suite> <!-- Default suite -->
</testng-results>
